# JRE version: Java(TM) SE Runtime Environment (8.0_171-b11) (build 1.8.0_171-b11)
# Java VM: Java HotSpot(TM) 64-Bit Server VM (25.171-b11 mixed mode linux-amd64 compressed oops)
Heap:
 PSYoungGen      total 205824K, used 100352K [0x00000000ec100000, 0x00000000ff700000, 0x0000000100000000)
  eden space 100352K, 100% used [0x00000000ec100000,0x00000000f2300000,0x00000000f2300000)
  from space 105472K, 0% used [0x00000000f9000000,0x00000000f9000000,0x00000000ff700000)
  to   space 108544K, 0% used [0x00000000f2300000,0x00000000f2300000,0x00000000f8d00000)
 ParOldGen       total 654336K, used 653972K [0x00000000c4200000, 0x00000000ec100000, 0x00000000ec100000)
  object space 654336K, 99% used [0x00000000c4200000,0x00000000ec0a5360,0x00000000ec100000)
 Metaspace       used 10467K, capacity 10524K, committed 10752K, reserved 1058816K
  class space    used 1171K, capacity 1202K, committed 1280K, reserved 1048576K
GC Heap History (10 events):
Event: 55.387 GC heap after
Heap after GC invocations=50 (full 34):
 PSYoungGen      total 205824K, used 100352K [0x00000000ec100000, 0x00000000ff700000, 0x0000000100000000)
  eden space 100352K, 100% used [0x00000000ec100000,0x00000000f2300000,0x00000000f2300000)
  from space 105472K, 0% used [0x00000000f9000000,0x00000000f9000000,0x00000000ff700000)
  to   space 108544K, 0% used [0x00000000f2300000,0x00000000f2300000,0x00000000f8d00000)
 ParOldGen       total 654336K, used 653950K [0x00000000c4200000, 0x00000000ec100000, 0x00000000ec100000)
  object space 654336K, 99% used [0x00000000c4200000,0x00000000ec09f988,0x00000000ec100000)
 Metaspace       used 10467K, capacity 10524K, committed 10752K, reserved 1058816K
  class space    used 1171K, capacity 1202K, committed 1280K, reserved 1048576K
}
Event: 55.388 GC heap before
{Heap before GC invocations=51 (full 35):
 PSYoungGen      total 205824K, used 100352K [0x00000000ec100000, 0x00000000ff700000, 0x0000000100000000)
  eden space 100352K, 100% used [0x00000000ec100000,0x00000000f2300000,0x00000000f2300000)
  from space 105472K, 0% used [0x00000000f9000000,0x00000000f9000000,0x00000000ff700000)
  to   space 108544K, 0% used [0x00000000f2300000,0x00000000f2300000,0x00000000f8d00000)
 ParOldGen       total 654336K, used 653954K [0x00000000c4200000, 0x00000000ec100000, 0x00000000ec100000)
  object space 654336K, 99% used [0x00000000c4200000,0x00000000ec0a0b88,0x00000000ec100000)
 Metaspace       used 10467K, capacity 10524K, committed 10752K, reserved 1058816K
  class space    used 1171K, capacity 1202K, committed 1280K, reserved 1048576K
Event: 56.542 GC heap after
Heap after GC invocations=51 (full 35):
 PSYoungGen      total 205824K, used 100352K [0x00000000ec100000, 0x00000000ff700000, 0x0000000100000000)
  eden space 100352K, 100% used [0x00000000ec100000,0x00000000f2300000,0x00000000f2300000)
  from space 105472K, 0% used [0x00000000f9000000,0x00000000f9000000,0x00000000ff700000)
  to   space 108544K, 0% used [0x00000000f2300000,0x00000000f2300000,0x00000000f8d00000)
 ParOldGen       total 654336K, used 653954K [0x00000000c4200000, 0x00000000ec100000, 0x00000000ec100000)
  object space 654336K, 99% used [0x00000000c4200000,0x00000000ec0a0b88,0x00000000ec100000)
 Metaspace       used 10467K, capacity 10524K, committed 10752K, reserved 1058816K
  class space    used 1171K, capacity 1202K, committed 1280K, reserved 1048576K
}
Event: 56.680 GC heap before
{Heap before GC invocations=52 (full 36):
 PSYoungGen      total 205824K, used 100352K [0x00000000ec100000, 0x00000000ff700000, 0x0000000100000000)
  eden space 100352K, 100% used [0x00000000ec100000,0x00000000f2300000,0x00000000f2300000)
  from space 105472K, 0% used [0x00000000f9000000,0x00000000f9000000,0x00000000ff700000)
  to   space 108544K, 0% used [0x00000000f2300000,0x00000000f2300000,0x00000000f8d00000)
 ParOldGen       total 654336K, used 653959K [0x00000000c4200000, 0x00000000ec100000, 0x00000000ec100000)
  object space 654336K, 99% used [0x00000000c4200000,0x00000000ec0a1d88,0x00000000ec100000)
 Metaspace       used 10467K, capacity 10524K, committed 10752K, reserved 1058816K
  class space    used 1171K, capacity 1202K, committed 1280K, reserved 1048576K
Event: 57.793 GC heap after
Heap after GC invocations=52 (full 36):
 PSYoungGen      total 205824K, used 100352K [0x00000000ec100000, 0x00000000ff700000, 0x0000000100000000)
  eden space 100352K, 100% used [0x00000000ec100000,0x00000000f2300000,0x00000000f2300000)
  from space 105472K, 0% used [0x00000000f9000000,0x00000000f9000000,0x00000000ff700000)
  to   space 108544K, 0% used [0x00000000f2300000,0x00000000f2300000,0x00000000f8d00000)
 ParOldGen       total 654336K, used 653959K [0x00000000c4200000, 0x00000000ec100000, 0x00000000ec100000)
  object space 654336K, 99% used [0x00000000c4200000,0x00000000ec0a1d88,0x00000000ec100000)
 Metaspace       used 10467K, capacity 10524K, committed 10752K, reserved 1058816K
  class space    used 1171K, capacity 1202K, committed 1280K, reserved 1048576K
}
Event: 57.846 GC heap before
{Heap before GC invocations=53 (full 37):
 PSYoungGen      total 205824K, used 100352K [0x00000000ec100000, 0x00000000ff700000, 0x0000000100000000)
  eden space 100352K, 100% used [0x00000000ec100000,0x00000000f2300000,0x00000000f2300000)
  from space 105472K, 0% used [0x00000000f9000000,0x00000000f9000000,0x00000000ff700000)
  to   space 108544K, 0% used [0x00000000f2300000,0x00000000f2300000,0x00000000f8d00000)
 ParOldGen       total 654336K, used 653963K [0x00000000c4200000, 0x00000000ec100000, 0x00000000ec100000)
  object space 654336K, 99% used [0x00000000c4200000,0x00000000ec0a2f88,0x00000000ec100000)
 Metaspace       used 10467K, capacity 10524K, committed 10752K, reserved 1058816K
  class space    used 1171K, capacity 1202K, committed 1280K, reserved 1048576K
Event: 58.921 GC heap after
Heap after GC invocations=53 (full 37):
 PSYoungGen      total 205824K, used 100352K [0x00000000ec100000, 0x00000000ff700000, 0x0000000100000000)
  eden space 100352K, 100% used [0x00000000ec100000,0x00000000f2300000,0x00000000f2300000)
  from space 105472K, 0% used [0x00000000f9000000,0x00000000f9000000,0x00000000ff700000)
  to   space 108544K, 0% used [0x00000000f2300000,0x00000000f2300000,0x00000000f8d00000)
 ParOldGen       total 654336K, used 653963K [0x00000000c4200000, 0x00000000ec100000, 0x00000000ec100000)
  object space 654336K, 99% used [0x00000000c4200000,0x00000000ec0a2f88,0x00000000ec100000)
 Metaspace       used 10467K, capacity 10524K, committed 10752K, reserved 1058816K
  class space    used 1171K, capacity 1202K, committed 1280K, reserved 1048576K
}
Event: 58.973 GC heap before
{Heap before GC invocations=54 (full 38):
 PSYoungGen      total 205824K, used 100352K [0x00000000ec100000, 0x00000000ff700000, 0x0000000100000000)
  eden space 100352K, 100% used [0x00000000ec100000,0x00000000f2300000,0x00000000f2300000)
  from space 105472K, 0% used [0x00000000f9000000,0x00000000f9000000,0x00000000ff700000)
  to   space 108544K, 0% used [0x00000000f2300000,0x00000000f2300000,0x00000000f8d00000)
 ParOldGen       total 654336K, used 653968K [0x00000000c4200000, 0x00000000ec100000, 0x00000000ec100000)
  object space 654336K, 99% used [0x00000000c4200000,0x00000000ec0a4188,0x00000000ec100000)
 Metaspace       used 10467K, capacity 10524K, committed 10752K, reserved 1058816K
  class space    used 1171K, capacity 1202K, committed 1280K, reserved 1048576K
Event: 60.915 GC heap after
Heap after GC invocations=54 (full 38):
 PSYoungGen      total 205824K, used 100352K [0x00000000ec100000, 0x00000000ff700000, 0x0000000100000000)
  eden space 100352K, 100% used [0x00000000ec100000,0x00000000f2300000,0x00000000f2300000)
  from space 105472K, 0% used [0x00000000f9000000,0x00000000f9000000,0x00000000ff700000)
  to   space 108544K, 0% used [0x00000000f2300000,0x00000000f2300000,0x00000000f8d00000)
 ParOldGen       total 654336K, used 653968K [0x00000000c4200000, 0x00000000ec100000, 0x00000000ec100000)
  object space 654336K, 99% used [0x00000000c4200000,0x00000000ec0a4160,0x00000000ec100000)
 Metaspace       used 10467K, capacity 10524K, committed 10752K, reserved 1058816K
  class space    used 1171K, capacity 1202K, committed 1280K, reserved 1048576K
}
Event: 60.944 GC heap before
{Heap before GC invocations=55 (full 39):
 PSYoungGen      total 205824K, used 100352K [0x00000000ec100000, 0x00000000ff700000, 0x0000000100000000)
  eden space 100352K, 100% used [0x00000000ec100000,0x00000000f2300000,0x00000000f2300000)
  from space 105472K, 0% used [0x00000000f9000000,0x00000000f9000000,0x00000000ff700000)
  to   space 108544K, 0% used [0x00000000f2300000,0x00000000f2300000,0x00000000f8d00000)
 ParOldGen       total 654336K, used 653972K [0x00000000c4200000, 0x00000000ec100000, 0x00000000ec100000)
  object space 654336K, 99% used [0x00000000c4200000,0x00000000ec0a5360,0x00000000ec100000)
 Metaspace       used 10467K, capacity 10524K, committed 10752K, reserved 1058816K
  class space    used 1171K, capacity 1202K, committed 1280K, reserved 1048576K

